Build started 2/6/2014 8:03:31 AM.
     1>Project "C:\Users\Ioan\Documents\Visual Studio 2013\Projects\Practicum\Practicum\Practicum.vcxproj" on node 2 (Build target(s)).
     1>ClCompile:
         C:\Program Files (x86)\Microsoft Visual Studio 12.0\VC\bin\CL.exe /c /ZI /nologo /W3 /WX- /sdl /Od /Oy- /D _MBCS /Gm /EHsc /RTC1 /MDd /GS /fp:precise /Zc:wchar_t /Zc:forScope /Fo"Debug\\" /Fd"Debug\vc120.pdb" /Gd /TP /analyze- /errorReport:prompt Game.cpp Main.cpp
         Game.cpp
     1>c:\users\ioan\documents\visual studio 2013\projects\practicum\practicum\game.cpp(7): error C2572: 'Game::init' : redefinition of default parameter : parameter 6
                 c:\users\ioan\documents\visual studio 2013\projects\practicum\practicum\game.h(19) : see declaration of 'Game::init'
         Generating Code...
         Compiling...
         Main.cpp
         Generating Code...
     1>Done Building Project "C:\Users\Ioan\Documents\Visual Studio 2013\Projects\Practicum\Practicum\Practicum.vcxproj" (Build target(s)) -- FAILED.

Build FAILED.

Time Elapsed 00:00:00.47
